C:\Program Files (x86)\Microsoft Visual Studio\2019\Enterprise\MSBuild\Current\Bin\Microsoft.Common.CurrentVersion.targets(1875,5): warning : The referenced project '..\Breakout\Breakout.vcxproj' does not exist.
  Box.cpp
  BreakoutGameApp.cpp
C:\Users\s191204\Desktop\Software Engineering\AIEProjects\AIEProjects\aieBootstrap-master\aieBootstrap-master\BreakoutGame\PhysicsScene.h(34,22): warning C4267: 'return': conversion from 'size_t' to 'int', possible loss of data
C:\Users\s191204\Desktop\Software Engineering\AIEProjects\AIEProjects\aieBootstrap-master\aieBootstrap-master\BreakoutGame\BreakoutGameApp.cpp(31,12): warning C4244: 'argument': conversion from 'time_t' to 'unsigned int', possible loss of data
C:\Users\s191204\Desktop\Software Engineering\AIEProjects\AIEProjects\aieBootstrap-master\aieBootstrap-master\BreakoutGame\BreakoutGameApp.cpp(99,20): warning C4244: '*=': conversion from 'float' to 'int', possible loss of data
C:\Users\s191204\Desktop\Software Engineering\AIEProjects\AIEProjects\aieBootstrap-master\aieBootstrap-master\BreakoutGame\BreakoutGameApp.cpp(113,73): warning C4244: 'argument': conversion from 'int' to 'float', possible loss of data
  main.cpp
C:\Users\s191204\Desktop\Software Engineering\AIEProjects\AIEProjects\aieBootstrap-master\aieBootstrap-master\BreakoutGame\PhysicsScene.h(34,22): warning C4267: 'return': conversion from 'size_t' to 'int', possible loss of data
  Physics.cpp
  PhysicsObject.cpp
  PhysicsScene.cpp
C:\Users\s191204\Desktop\Software Engineering\AIEProjects\AIEProjects\aieBootstrap-master\aieBootstrap-master\BreakoutGame\PhysicsScene.h(34,22): warning C4267: 'return': conversion from 'size_t' to 'int', possible loss of data
C:\Users\s191204\Desktop\Software Engineering\AIEProjects\AIEProjects\aieBootstrap-master\aieBootstrap-master\BreakoutGame\PhysicsScene.cpp(36,34): warning C4267: 'initializing': conversion from 'size_t' to 'int', possible loss of data
C:\Users\s191204\Desktop\Software Engineering\AIEProjects\AIEProjects\aieBootstrap-master\aieBootstrap-master\BreakoutGame\PhysicsScene.cpp(312,98): warning C4390: ';': empty controlled statement found; is this the intent?
  Plane.cpp
  RigidBody.cpp
  Sphere.cpp
  Generating Code...
LINK : warning LNK4098: defaultlib 'MSVCRT' conflicts with use of other libs; use /NODEFAULTLIB:library
  BreakoutGame.vcxproj -> C:\Users\s191204\Desktop\Software Engineering\AIEProjects\AIEProjects\aieBootstrap-master\aieBootstrap-master\temp\BreakoutGame\x64\Debug\BreakoutGame.exe
